

Started GET "/" for 127.0.0.1 at 2015-08-22 10:31:59 -0400

ActiveRecord::PendingMigrationError (

Migrations are pending. To resolve this issue, run:

	bin/rake db:migrate RAILS_ENV=development

):
  activerecord (4.2.1) lib/active_record/migration.rb:393:in `check_pending!'
  activerecord (4.2.1) lib/active_record/migration.rb:374:in `call'
  actionpack (4.2.1) lib/action_dispatch/middleware/callbacks.rb:29:in `block in call'
  activesupport (4.2.1) lib/active_support/callbacks.rb:88:in `call'
  activesupport (4.2.1) lib/active_support/callbacks.rb:88:in `_run_callbacks'
  activesupport (4.2.1) lib/active_support/callbacks.rb:776:in `_run_call_callbacks'
  activesupport (4.2.1) lib/active_support/callbacks.rb:81:in `run_callbacks'
  actionpack (4.2.1) lib/action_dispatch/middleware/callbacks.rb:27:in `call'
  actionpack (4.2.1) lib/action_dispatch/middleware/reloader.rb:73:in `call'
  actionpack (4.2.1) lib/action_dispatch/middleware/remote_ip.rb:78:in `call'
  actionpack (4.2.1) lib/action_dispatch/middleware/debug_exceptions.rb:17:in `call'
  web-console (2.2.1) lib/web_console/middleware.rb:39:in `call'
  actionpack (4.2.1) lib/action_dispatch/middleware/show_exceptions.rb:30:in `call'
  railties (4.2.1) lib/rails/rack/logger.rb:38:in `call_app'
  railties (4.2.1) lib/rails/rack/logger.rb:20:in `block in call'
  activesupport (4.2.1) lib/active_support/tagged_logging.rb:68:in `block in tagged'
  activesupport (4.2.1) lib/active_support/tagged_logging.rb:26:in `tagged'
  activesupport (4.2.1) lib/active_support/tagged_logging.rb:68:in `tagged'
  railties (4.2.1) lib/rails/rack/logger.rb:20:in `call'
  actionpack (4.2.1) lib/action_dispatch/middleware/request_id.rb:21:in `call'
  rack (1.6.4) lib/rack/methodoverride.rb:22:in `call'
  rack (1.6.4) lib/rack/runtime.rb:18:in `call'
  activesupport (4.2.1) lib/active_support/cache/strategy/local_cache_middleware.rb:28:in `call'
  rack (1.6.4) lib/rack/lock.rb:17:in `call'
  actionpack (4.2.1) lib/action_dispatch/middleware/static.rb:113:in `call'
  rack (1.6.4) lib/rack/sendfile.rb:113:in `call'
  railties (4.2.1) lib/rails/engine.rb:518:in `call'
  railties (4.2.1) lib/rails/application.rb:164:in `call'
  rack (1.6.4) lib/rack/lock.rb:17:in `call'
  rack (1.6.4) lib/rack/content_length.rb:15:in `call'
  rack (1.6.4) lib/rack/handler/webrick.rb:88:in `service'
  C:/RailsInstaller/Ruby2.1.0/lib/ruby/2.1.0/webrick/httpserver.rb:138:in `service'
  C:/RailsInstaller/Ruby2.1.0/lib/ruby/2.1.0/webrick/httpserver.rb:94:in `run'
  C:/RailsInstaller/Ruby2.1.0/lib/ruby/2.1.0/webrick/server.rb:295:in `block in start_thread'


  Rendered C:/RailsInstaller/Ruby2.1.0/lib/ruby/gems/2.1.0/gems/actionpack-4.2.1/lib/action_dispatch/middleware/templates/rescues/_source.erb (1.0ms)
  Rendered C:/RailsInstaller/Ruby2.1.0/lib/ruby/gems/2.1.0/gems/actionpack-4.2.1/lib/action_dispatch/middleware/templates/rescues/_trace.html.erb (3.0ms)
  Rendered C:/RailsInstaller/Ruby2.1.0/lib/ruby/gems/2.1.0/gems/actionpack-4.2.1/lib/action_dispatch/middleware/templates/rescues/_request_and_response.html.erb (1.0ms)
  Rendered C:/RailsInstaller/Ruby2.1.0/lib/ruby/gems/2.1.0/gems/actionpack-4.2.1/lib/action_dispatch/middleware/templates/rescues/diagnostics.html.erb within rescues/layout (49.0ms)
  Rendered C:/RailsInstaller/Ruby2.1.0/lib/ruby/gems/2.1.0/gems/web-console-2.2.1/lib/web_console/templates/_markup.html.erb (1.0ms)
  Rendered C:/RailsInstaller/Ruby2.1.0/lib/ruby/gems/2.1.0/gems/web-console-2.2.1/lib/web_console/templates/_inner_console_markup.html.erb within layouts/inlined_string (1.0ms)
  Rendered C:/RailsInstaller/Ruby2.1.0/lib/ruby/gems/2.1.0/gems/web-console-2.2.1/lib/web_console/templates/_prompt_box_markup.html.erb within layouts/inlined_string (1.0ms)
  Rendered C:/RailsInstaller/Ruby2.1.0/lib/ruby/gems/2.1.0/gems/web-console-2.2.1/lib/web_console/templates/style.css.erb within layouts/inlined_string (1.0ms)
  Rendered C:/RailsInstaller/Ruby2.1.0/lib/ruby/gems/2.1.0/gems/web-console-2.2.1/lib/web_console/templates/console.js.erb within layouts/javascript (70.0ms)
  Rendered C:/RailsInstaller/Ruby2.1.0/lib/ruby/gems/2.1.0/gems/web-console-2.2.1/lib/web_console/templates/main.js.erb within layouts/javascript (0.0ms)
  Rendered C:/RailsInstaller/Ruby2.1.0/lib/ruby/gems/2.1.0/gems/web-console-2.2.1/lib/web_console/templates/error_page.js.erb within layouts/javascript (1.0ms)
  Rendered C:/RailsInstaller/Ruby2.1.0/lib/ruby/gems/2.1.0/gems/web-console-2.2.1/lib/web_console/templates/index.html.erb (160.0ms)
  [1m[36m (115.0ms)[0m  [1mCREATE TABLE "schema_migrations" ("version" varchar NOT NULL) [0m
  [1m[35m (0.0ms)[0m  select sqlite_version(*)
  [1m[36m (121.0ms)[0m  [1mCREATE UNIQUE INDEX "unique_schema_migrations" ON "schema_migrations" ("version")[0m
  [1m[35mActiveRecord::SchemaMigration Load (0.0ms)[0m  SELECT "schema_migrations".* FROM "schema_migrations"
Migrating to CreateContacts (20150822142955)
  [1m[36m (0.0ms)[0m  [1mbegin transaction[0m
  [1m[35m (2.0ms)[0m  CREATE TABLE "contacts" ("id" INTEGER PRIMARY KEY AUTOINCREMENT NOT NULL, "first_name" varchar, "last_name" varchar, "email_address" varchar, "created_at" datetime NOT NULL, "updated_at" datetime NOT NULL) 
  [1m[36mSQL (1.0ms)[0m  [1mINSERT INTO "schema_migrations" ("version") VALUES (?)[0m  [["version", "20150822142955"]]
  [1m[35m (101.0ms)[0m  commit transaction
  [1m[36mActiveRecord::SchemaMigration Load (0.0ms)[0m  [1mSELECT "schema_migrations".* FROM "schema_migrations"[0m


Started GET "/" for 127.0.0.1 at 2015-08-22 10:33:06 -0400
  [1m[36mActiveRecord::SchemaMigration Load (0.0ms)[0m  [1mSELECT "schema_migrations".* FROM "schema_migrations"[0m
Processing by Rails::WelcomeController#index as HTML
  Rendered C:/RailsInstaller/Ruby2.1.0/lib/ruby/gems/2.1.0/gems/railties-4.2.1/lib/rails/templates/rails/welcome/index.html.erb (8.0ms)
Completed 200 OK in 87ms (Views: 70.0ms | ActiveRecord: 0.0ms)


Started GET "/" for 127.0.0.1 at 2015-08-22 10:34:12 -0400
Processing by ContactsController#index as HTML
  [1m[35mContact Load (1.0ms)[0m  SELECT "contacts".* FROM "contacts"
  Rendered contacts/index.html.erb within layouts/application (4.0ms)
Completed 200 OK in 9943ms (Views: 9936.6ms | ActiveRecord: 1.0ms)


Started GET "/assets/scaffolds.self-ad60cf3d228fb1f17c91757428273644434ea7282a979df798506fea55bcc211.css?body=1" for 127.0.0.1 at 2015-08-22 10:34:22 -0400


Started GET "/assets/contacts.self-e3b0c44298fc1c149afbf4c8996fb92427ae41e4649b934ca495991b7852b855.css?body=1" for 127.0.0.1 at 2015-08-22 10:34:22 -0400


Started GET "/assets/application.self-e80e8f2318043e8af94dddc2adad5a4f09739a8ebb323b3ab31cd71d45fd9113.css?body=1" for 127.0.0.1 at 2015-08-22 10:34:22 -0400


Started GET "/assets/jquery.self-d03a5518f45df77341bdbe6201ba3bfa547ebba8ed64f0ea56bfa5f96ea7c074.js?body=1" for 127.0.0.1 at 2015-08-22 10:34:22 -0400


Started GET "/assets/jquery_ujs.self-ca5248a2fad13d6bd58ea121318d642f195f0b2dd818b30615f785ff365e8d1f.js?body=1" for 127.0.0.1 at 2015-08-22 10:34:22 -0400


Started GET "/assets/turbolinks.self-c37727e9bd6b2735da5c311aa83fead54ed0be6cc8bd9a65309e9c5abe2cbfff.js?body=1" for 127.0.0.1 at 2015-08-22 10:34:22 -0400


Started GET "/assets/contacts.self-877aef30ae1b040ab8a3aba4e3e309a11d7f2612f44dde450b5c157aa5f95c05.js?body=1" for 127.0.0.1 at 2015-08-22 10:34:22 -0400


Started GET "/assets/application.self-3b8dabdc891efe46b9a144b400ad69e37d7e5876bdc39dee783419a69d7ca819.js?body=1" for 127.0.0.1 at 2015-08-22 10:34:22 -0400


Started GET "/contacts/new" for 127.0.0.1 at 2015-08-22 10:34:29 -0400
Processing by ContactsController#new as HTML
  Rendered contacts/_form.html.erb (32.0ms)
  Rendered contacts/new.html.erb within layouts/application (40.0ms)
Completed 200 OK in 111ms (Views: 104.0ms | ActiveRecord: 0.0ms)


Started POST "/contacts" for 127.0.0.1 at 2015-08-22 10:34:45 -0400
Processing by ContactsController#create as HTML
  Parameters: {"utf8"=>"✓", "authenticity_token"=>"gu3t6HLTX3njC5GzHUjiBUCA2TkNkH8tThJ7h+m+OkRt3vWAXYuAcCmVrPwwp8GRPGx07AFbXbyrNMONy2AiAA==", "contact"=>{"first_name"=>"Adam", "last_name"=>"Wanninger", "email_address"=>"wanninaj@miamioh.edu"}, "commit"=>"Create Contact"}
  [1m[36m (0.0ms)[0m  [1mbegin transaction[0m
  [1m[35mSQL (1.0ms)[0m  INSERT INTO "contacts" ("first_name", "last_name", "email_address", "created_at", "updated_at") VALUES (?, ?, ?, ?, ?)  [["first_name", "Adam"], ["last_name", "Wanninger"], ["email_address", "wanninaj@miamioh.edu"], ["created_at", "2015-08-22 14:34:45.479113"], ["updated_at", "2015-08-22 14:34:45.479113"]]
  [1m[36m (191.0ms)[0m  [1mcommit transaction[0m
Redirected to http://localhost:3000/contacts/1
Completed 302 Found in 212ms (ActiveRecord: 192.0ms)


Started GET "/contacts/1" for 127.0.0.1 at 2015-08-22 10:34:45 -0400
Processing by ContactsController#show as HTML
  Parameters: {"id"=>"1"}
  [1m[35mContact Load (1.0ms)[0m  SELECT  "contacts".* FROM "contacts" WHERE "contacts"."id" = ? LIMIT 1  [["id", 1]]
  Rendered contacts/show.html.erb within layouts/application (1.0ms)
Completed 200 OK in 93ms (Views: 70.0ms | ActiveRecord: 1.0ms)


Started GET "/contacts" for 127.0.0.1 at 2015-08-22 10:34:51 -0400
Processing by ContactsController#index as HTML
  [1m[36mContact Load (0.0ms)[0m  [1mSELECT "contacts".* FROM "contacts"[0m
  Rendered contacts/index.html.erb within layouts/application (3.0ms)
Completed 200 OK in 71ms (Views: 71.0ms | ActiveRecord: 0.0ms)


Started GET "/contacts/1/edit" for 127.0.0.1 at 2015-08-22 10:51:10 -0400
Processing by ContactsController#edit as HTML
  Parameters: {"id"=>"1"}
  [1m[35mContact Load (0.0ms)[0m  SELECT  "contacts".* FROM "contacts" WHERE "contacts"."id" = ? LIMIT 1  [["id", 1]]
  Rendered contacts/_form.html.erb (0.0ms)
  Rendered contacts/edit.html.erb within layouts/application (15.6ms)
Completed 200 OK in 83ms (Views: 83.4ms | ActiveRecord: 0.0ms)


Started GET "/contacts" for 127.0.0.1 at 2015-08-22 10:51:13 -0400
Processing by ContactsController#index as HTML
  [1m[36mContact Load (0.0ms)[0m  [1mSELECT "contacts".* FROM "contacts"[0m
  Rendered contacts/index.html.erb within layouts/application (67.4ms)
Completed 500 Internal Server Error in 80ms (ActiveRecord: 0.0ms)

ActionView::Template::Error (undefined local variable or method `import_contacts_path' for #<#<Class:0x63c4b60>:0x9bafd38>):
    32: 
    33: <h2>Import Contacts</h2>
    34: 
    35: <%= form_tag import_contacts_path, multipart: true do %>
    36:     <%= file_field_tag :file %>
    37:     <%= submit_tag "Import" %>
    38: <% end %>
  app/views/contacts/index.html.erb:35:in `_app_views_contacts_index_html_erb___782818634_81623124'


  Rendered C:/RailsInstaller/Ruby2.1.0/lib/ruby/gems/2.1.0/gems/actionpack-4.2.1/lib/action_dispatch/middleware/templates/rescues/_source.erb (0.0ms)
  Rendered C:/RailsInstaller/Ruby2.1.0/lib/ruby/gems/2.1.0/gems/actionpack-4.2.1/lib/action_dispatch/middleware/templates/rescues/_trace.html.erb (0.0ms)
  Rendered C:/RailsInstaller/Ruby2.1.0/lib/ruby/gems/2.1.0/gems/actionpack-4.2.1/lib/action_dispatch/middleware/templates/rescues/_request_and_response.html.erb (0.0ms)
  Rendered C:/RailsInstaller/Ruby2.1.0/lib/ruby/gems/2.1.0/gems/actionpack-4.2.1/lib/action_dispatch/middleware/templates/rescues/template_error.html.erb within rescues/layout (46.8ms)
  Rendered C:/RailsInstaller/Ruby2.1.0/lib/ruby/gems/2.1.0/gems/web-console-2.2.1/lib/web_console/templates/_markup.html.erb (0.0ms)
  Rendered C:/RailsInstaller/Ruby2.1.0/lib/ruby/gems/2.1.0/gems/web-console-2.2.1/lib/web_console/templates/_inner_console_markup.html.erb within layouts/inlined_string (0.0ms)
  Rendered C:/RailsInstaller/Ruby2.1.0/lib/ruby/gems/2.1.0/gems/web-console-2.2.1/lib/web_console/templates/_prompt_box_markup.html.erb within layouts/inlined_string (1.0ms)
  Rendered C:/RailsInstaller/Ruby2.1.0/lib/ruby/gems/2.1.0/gems/web-console-2.2.1/lib/web_console/templates/style.css.erb within layouts/inlined_string (1.0ms)
  Rendered C:/RailsInstaller/Ruby2.1.0/lib/ruby/gems/2.1.0/gems/web-console-2.2.1/lib/web_console/templates/console.js.erb within layouts/javascript (51.2ms)
  Rendered C:/RailsInstaller/Ruby2.1.0/lib/ruby/gems/2.1.0/gems/web-console-2.2.1/lib/web_console/templates/main.js.erb within layouts/javascript (0.0ms)
  Rendered C:/RailsInstaller/Ruby2.1.0/lib/ruby/gems/2.1.0/gems/web-console-2.2.1/lib/web_console/templates/error_page.js.erb within layouts/javascript (0.0ms)
  Rendered C:/RailsInstaller/Ruby2.1.0/lib/ruby/gems/2.1.0/gems/web-console-2.2.1/lib/web_console/templates/index.html.erb (95.4ms)


Started GET "/contacts" for 127.0.0.1 at 2015-08-22 10:51:13 -0400
Processing by ContactsController#index as HTML
  [1m[35mContact Load (0.0ms)[0m  SELECT "contacts".* FROM "contacts"
  Rendered contacts/index.html.erb within layouts/application (30.6ms)
Completed 500 Internal Server Error in 32ms (ActiveRecord: 0.0ms)

ActionView::Template::Error (undefined local variable or method `import_contacts_path' for #<#<Class:0x63c4b60>:0x8e4d2d0>):
    32: 
    33: <h2>Import Contacts</h2>
    34: 
    35: <%= form_tag import_contacts_path, multipart: true do %>
    36:     <%= file_field_tag :file %>
    37:     <%= submit_tag "Import" %>
    38: <% end %>
  app/views/contacts/index.html.erb:35:in `_app_views_contacts_index_html_erb___782818634_74605356'


  Rendered C:/RailsInstaller/Ruby2.1.0/lib/ruby/gems/2.1.0/gems/actionpack-4.2.1/lib/action_dispatch/middleware/templates/rescues/_source.erb (1.0ms)
  Rendered C:/RailsInstaller/Ruby2.1.0/lib/ruby/gems/2.1.0/gems/actionpack-4.2.1/lib/action_dispatch/middleware/templates/rescues/_trace.html.erb (5.0ms)
  Rendered C:/RailsInstaller/Ruby2.1.0/lib/ruby/gems/2.1.0/gems/actionpack-4.2.1/lib/action_dispatch/middleware/templates/rescues/_request_and_response.html.erb (1.0ms)
  Rendered C:/RailsInstaller/Ruby2.1.0/lib/ruby/gems/2.1.0/gems/actionpack-4.2.1/lib/action_dispatch/middleware/templates/rescues/template_error.html.erb within rescues/layout (45.0ms)
  Rendered C:/RailsInstaller/Ruby2.1.0/lib/ruby/gems/2.1.0/gems/web-console-2.2.1/lib/web_console/templates/_markup.html.erb (1.0ms)
  Rendered C:/RailsInstaller/Ruby2.1.0/lib/ruby/gems/2.1.0/gems/web-console-2.2.1/lib/web_console/templates/_inner_console_markup.html.erb within layouts/inlined_string (0.0ms)
  Rendered C:/RailsInstaller/Ruby2.1.0/lib/ruby/gems/2.1.0/gems/web-console-2.2.1/lib/web_console/templates/_prompt_box_markup.html.erb within layouts/inlined_string (0.0ms)
  Rendered C:/RailsInstaller/Ruby2.1.0/lib/ruby/gems/2.1.0/gems/web-console-2.2.1/lib/web_console/templates/style.css.erb within layouts/inlined_string (0.0ms)
  Rendered C:/RailsInstaller/Ruby2.1.0/lib/ruby/gems/2.1.0/gems/web-console-2.2.1/lib/web_console/templates/console.js.erb within layouts/javascript (44.0ms)
  Rendered C:/RailsInstaller/Ruby2.1.0/lib/ruby/gems/2.1.0/gems/web-console-2.2.1/lib/web_console/templates/main.js.erb within layouts/javascript (1.0ms)
  Rendered C:/RailsInstaller/Ruby2.1.0/lib/ruby/gems/2.1.0/gems/web-console-2.2.1/lib/web_console/templates/error_page.js.erb within layouts/javascript (0.0ms)
  Rendered C:/RailsInstaller/Ruby2.1.0/lib/ruby/gems/2.1.0/gems/web-console-2.2.1/lib/web_console/templates/index.html.erb (98.0ms)
  [1m[36mActiveRecord::SchemaMigration Load (1.0ms)[0m  [1mSELECT "schema_migrations".* FROM "schema_migrations"[0m
  [1m[35mActiveRecord::SchemaMigration Load (0.0ms)[0m  SELECT "schema_migrations".* FROM "schema_migrations"


Started GET "/" for 127.0.0.1 at 2015-08-22 11:06:42 -0400
  [1m[36mActiveRecord::SchemaMigration Load (0.0ms)[0m  [1mSELECT "schema_migrations".* FROM "schema_migrations"[0m
Processing by ContactsController#index as HTML
  [1m[35mContact Load (0.0ms)[0m  SELECT "contacts".* FROM "contacts"
  Rendered contacts/index.html.erb within layouts/application (30.0ms)
Completed 500 Internal Server Error in 72ms (ActiveRecord: 0.0ms)

ActionView::Template::Error (undefined local variable or method `import_contacts_path' for #<#<Class:0x69fee08>:0x69fe7a8>):
    32: 
    33: <h2>Import Contacts</h2>
    34: 
    35: <%= form_tag import_contacts_path, multipart: true do %>
    36:     <%= file_field_tag :file %>
    37:     <%= submit_tag "Import" %>
    38: <% end %>
  app/views/contacts/index.html.erb:35:in `_app_views_contacts_index_html_erb__953323718_55317408'


  Rendered C:/RailsInstaller/Ruby2.1.0/lib/ruby/gems/2.1.0/gems/actionpack-4.2.1/lib/action_dispatch/middleware/templates/rescues/_source.erb (1.0ms)
  Rendered C:/RailsInstaller/Ruby2.1.0/lib/ruby/gems/2.1.0/gems/actionpack-4.2.1/lib/action_dispatch/middleware/templates/rescues/_trace.html.erb (14.0ms)
  Rendered C:/RailsInstaller/Ruby2.1.0/lib/ruby/gems/2.1.0/gems/actionpack-4.2.1/lib/action_dispatch/middleware/templates/rescues/_request_and_response.html.erb (1.0ms)
  Rendered C:/RailsInstaller/Ruby2.1.0/lib/ruby/gems/2.1.0/gems/actionpack-4.2.1/lib/action_dispatch/middleware/templates/rescues/template_error.html.erb within rescues/layout (55.0ms)
  Rendered C:/RailsInstaller/Ruby2.1.0/lib/ruby/gems/2.1.0/gems/web-console-2.2.1/lib/web_console/templates/_markup.html.erb (0.0ms)
  Rendered C:/RailsInstaller/Ruby2.1.0/lib/ruby/gems/2.1.0/gems/web-console-2.2.1/lib/web_console/templates/_inner_console_markup.html.erb within layouts/inlined_string (1.0ms)
  Rendered C:/RailsInstaller/Ruby2.1.0/lib/ruby/gems/2.1.0/gems/web-console-2.2.1/lib/web_console/templates/_prompt_box_markup.html.erb within layouts/inlined_string (1.0ms)
  Rendered C:/RailsInstaller/Ruby2.1.0/lib/ruby/gems/2.1.0/gems/web-console-2.2.1/lib/web_console/templates/style.css.erb within layouts/inlined_string (1.0ms)
  Rendered C:/RailsInstaller/Ruby2.1.0/lib/ruby/gems/2.1.0/gems/web-console-2.2.1/lib/web_console/templates/console.js.erb within layouts/javascript (42.0ms)
  Rendered C:/RailsInstaller/Ruby2.1.0/lib/ruby/gems/2.1.0/gems/web-console-2.2.1/lib/web_console/templates/main.js.erb within layouts/javascript (0.0ms)
  Rendered C:/RailsInstaller/Ruby2.1.0/lib/ruby/gems/2.1.0/gems/web-console-2.2.1/lib/web_console/templates/error_page.js.erb within layouts/javascript (0.0ms)
  Rendered C:/RailsInstaller/Ruby2.1.0/lib/ruby/gems/2.1.0/gems/web-console-2.2.1/lib/web_console/templates/index.html.erb (97.0ms)


Started GET "/" for 127.0.0.1 at 2015-08-22 11:09:55 -0400
Processing by ContactsController#index as HTML
  [1m[36mContact Load (1.0ms)[0m  [1mSELECT "contacts".* FROM "contacts"[0m
  Rendered contacts/index.html.erb within layouts/application (10.0ms)
Completed 200 OK in 487ms (Views: 482.0ms | ActiveRecord: 2.0ms)


Started GET "/assets/scaffolds.self-ad60cf3d228fb1f17c91757428273644434ea7282a979df798506fea55bcc211.css?body=1" for 127.0.0.1 at 2015-08-22 11:09:55 -0400


Started GET "/assets/contacts.self-e3b0c44298fc1c149afbf4c8996fb92427ae41e4649b934ca495991b7852b855.css?body=1" for 127.0.0.1 at 2015-08-22 11:09:55 -0400


Started GET "/assets/application.self-e80e8f2318043e8af94dddc2adad5a4f09739a8ebb323b3ab31cd71d45fd9113.css?body=1" for 127.0.0.1 at 2015-08-22 11:09:55 -0400


Started GET "/assets/jquery.self-d03a5518f45df77341bdbe6201ba3bfa547ebba8ed64f0ea56bfa5f96ea7c074.js?body=1" for 127.0.0.1 at 2015-08-22 11:09:55 -0400


Started GET "/assets/jquery_ujs.self-ca5248a2fad13d6bd58ea121318d642f195f0b2dd818b30615f785ff365e8d1f.js?body=1" for 127.0.0.1 at 2015-08-22 11:09:55 -0400


Started GET "/assets/turbolinks.self-c37727e9bd6b2735da5c311aa83fead54ed0be6cc8bd9a65309e9c5abe2cbfff.js?body=1" for 127.0.0.1 at 2015-08-22 11:09:56 -0400


Started GET "/assets/contacts.self-877aef30ae1b040ab8a3aba4e3e309a11d7f2612f44dde450b5c157aa5f95c05.js?body=1" for 127.0.0.1 at 2015-08-22 11:09:56 -0400


Started GET "/assets/application.self-3b8dabdc891efe46b9a144b400ad69e37d7e5876bdc39dee783419a69d7ca819.js?body=1" for 127.0.0.1 at 2015-08-22 11:09:56 -0400


Started POST "/contacts/import" for 127.0.0.1 at 2015-08-22 11:10:24 -0400
Processing by ContactsController#import as HTML
  Parameters: {"utf8"=>"✓", "authenticity_token"=>"/mWfOp61U0e1f5DW4/pQFgWzzVT5kGC0uwb8MzkzeWcRVodSse2MTn/hrZnOFXOCeV9ggfVbQiVeIEQ5G+1hIw==", "file"=>#<ActionDispatch::Http::UploadedFile:0x91afb98 @tempfile=#<Tempfile:C:/Users/JOHND~1/AppData/Local/Temp/RackMultipart20150822-220-aeo434.csv>, @original_filename="data.csv", @content_type="application/octet-stream", @headers="Content-Disposition: form-data; name=\"file\"; filename=\"data.csv\"\r\nContent-Type: application/octet-stream\r\n">, "commit"=>"Import"}
Completed 500 Internal Server Error in 3ms (ActiveRecord: 0.0ms)

NameError (uninitialized constant ContactsController::Product):
  app/controllers/contacts_controller.rb:5:in `import'


  Rendered C:/RailsInstaller/Ruby2.1.0/lib/ruby/gems/2.1.0/gems/actionpack-4.2.1/lib/action_dispatch/middleware/templates/rescues/_source.erb (1.0ms)
  Rendered C:/RailsInstaller/Ruby2.1.0/lib/ruby/gems/2.1.0/gems/actionpack-4.2.1/lib/action_dispatch/middleware/templates/rescues/_trace.html.erb (4.0ms)
  Rendered C:/RailsInstaller/Ruby2.1.0/lib/ruby/gems/2.1.0/gems/actionpack-4.2.1/lib/action_dispatch/middleware/templates/rescues/_request_and_response.html.erb (1.0ms)
  Rendered C:/RailsInstaller/Ruby2.1.0/lib/ruby/gems/2.1.0/gems/actionpack-4.2.1/lib/action_dispatch/middleware/templates/rescues/diagnostics.html.erb within rescues/layout (42.0ms)
Cannot render console with content type multipart/form-dataAllowed content types: [#<Mime::Type:0x4716228 @synonyms=["application/xhtml+xml"], @symbol=:html, @string="text/html">, #<Mime::Type:0x47160a8 @synonyms=[], @symbol=:text, @string="text/plain">, #<Mime::Type:0x47144e8 @synonyms=[], @symbol=:url_encoded_form, @string="application/x-www-form-urlencoded">]


Started POST "/contacts/import" for 127.0.0.1 at 2015-08-22 11:11:05 -0400
Processing by ContactsController#import as HTML
  Parameters: {"utf8"=>"✓", "authenticity_token"=>"/mWfOp61U0e1f5DW4/pQFgWzzVT5kGC0uwb8MzkzeWcRVodSse2MTn/hrZnOFXOCeV9ggfVbQiVeIEQ5G+1hIw==", "file"=>#<ActionDispatch::Http::UploadedFile:0x95e9de8 @tempfile=#<Tempfile:C:/Users/JOHND~1/AppData/Local/Temp/RackMultipart20150822-220-1hjvjl8.csv>, @original_filename="data.csv", @content_type="application/octet-stream", @headers="Content-Disposition: form-data; name=\"file\"; filename=\"data.csv\"\r\nContent-Type: application/octet-stream\r\n">, "commit"=>"Import"}
Completed 500 Internal Server Error in 6ms (ActiveRecord: 0.0ms)

NameError (uninitialized constant Contact::Csv):
  app/models/contact.rb:16:in `open_spreadsheet'
  app/models/contact.rb:4:in `import'
  app/controllers/contacts_controller.rb:5:in `import'


  Rendered C:/RailsInstaller/Ruby2.1.0/lib/ruby/gems/2.1.0/gems/actionpack-4.2.1/lib/action_dispatch/middleware/templates/rescues/_source.erb (0.0ms)
  Rendered C:/RailsInstaller/Ruby2.1.0/lib/ruby/gems/2.1.0/gems/actionpack-4.2.1/lib/action_dispatch/middleware/templates/rescues/_trace.html.erb (4.0ms)
  Rendered C:/RailsInstaller/Ruby2.1.0/lib/ruby/gems/2.1.0/gems/actionpack-4.2.1/lib/action_dispatch/middleware/templates/rescues/_request_and_response.html.erb (1.0ms)
  Rendered C:/RailsInstaller/Ruby2.1.0/lib/ruby/gems/2.1.0/gems/actionpack-4.2.1/lib/action_dispatch/middleware/templates/rescues/diagnostics.html.erb within rescues/layout (41.0ms)
Cannot render console with content type multipart/form-dataAllowed content types: [#<Mime::Type:0x4716228 @synonyms=["application/xhtml+xml"], @symbol=:html, @string="text/html">, #<Mime::Type:0x47160a8 @synonyms=[], @symbol=:text, @string="text/plain">, #<Mime::Type:0x47144e8 @synonyms=[], @symbol=:url_encoded_form, @string="application/x-www-form-urlencoded">]


Started POST "/contacts/import" for 127.0.0.1 at 2015-08-22 11:14:41 -0400
Processing by ContactsController#import as HTML
  Parameters: {"utf8"=>"✓", "authenticity_token"=>"/mWfOp61U0e1f5DW4/pQFgWzzVT5kGC0uwb8MzkzeWcRVodSse2MTn/hrZnOFXOCeV9ggfVbQiVeIEQ5G+1hIw==", "file"=>#<ActionDispatch::Http::UploadedFile:0x9b59ba8 @tempfile=#<Tempfile:C:/Users/JOHND~1/AppData/Local/Temp/RackMultipart20150822-220-459rx7.csv>, @original_filename="data.csv", @content_type="application/octet-stream", @headers="Content-Disposition: form-data; name=\"file\"; filename=\"data.csv\"\r\nContent-Type: application/octet-stream\r\n">, "commit"=>"Import"}
Completed 500 Internal Server Error in 4ms (ActiveRecord: 0.0ms)

NameError (uninitialized constant Contact::Csv):
  app/models/contact.rb:16:in `open_spreadsheet'
  app/models/contact.rb:4:in `import'
  app/controllers/contacts_controller.rb:5:in `import'


  Rendered C:/RailsInstaller/Ruby2.1.0/lib/ruby/gems/2.1.0/gems/actionpack-4.2.1/lib/action_dispatch/middleware/templates/rescues/_source.erb (1.0ms)
  Rendered C:/RailsInstaller/Ruby2.1.0/lib/ruby/gems/2.1.0/gems/actionpack-4.2.1/lib/action_dispatch/middleware/templates/rescues/_trace.html.erb (4.0ms)
  Rendered C:/RailsInstaller/Ruby2.1.0/lib/ruby/gems/2.1.0/gems/actionpack-4.2.1/lib/action_dispatch/middleware/templates/rescues/_request_and_response.html.erb (2.0ms)
  Rendered C:/RailsInstaller/Ruby2.1.0/lib/ruby/gems/2.1.0/gems/actionpack-4.2.1/lib/action_dispatch/middleware/templates/rescues/diagnostics.html.erb within rescues/layout (43.0ms)
Cannot render console with content type multipart/form-dataAllowed content types: [#<Mime::Type:0x4716228 @synonyms=["application/xhtml+xml"], @symbol=:html, @string="text/html">, #<Mime::Type:0x47160a8 @synonyms=[], @symbol=:text, @string="text/plain">, #<Mime::Type:0x47144e8 @synonyms=[], @symbol=:url_encoded_form, @string="application/x-www-form-urlencoded">]


Started GET "/" for 127.0.0.1 at 2015-08-22 11:19:40 -0400
  [1m[36mActiveRecord::SchemaMigration Load (1.0ms)[0m  [1mSELECT "schema_migrations".* FROM "schema_migrations"[0m
Processing by ContactsController#index as HTML
  [1m[35mContact Load (0.0ms)[0m  SELECT "contacts".* FROM "contacts"
  Rendered contacts/index.html.erb within layouts/application (13.0ms)
Completed 200 OK in 350ms (Views: 328.0ms | ActiveRecord: 1.0ms)


Started GET "/" for 127.0.0.1 at 2015-08-22 11:19:41 -0400
Processing by ContactsController#index as HTML
  [1m[36mContact Load (0.0ms)[0m  [1mSELECT "contacts".* FROM "contacts"[0m
  Rendered contacts/index.html.erb within layouts/application (3.0ms)
Completed 200 OK in 69ms (Views: 69.0ms | ActiveRecord: 0.0ms)


Started GET "/assets/contacts.self-e3b0c44298fc1c149afbf4c8996fb92427ae41e4649b934ca495991b7852b855.css?body=1" for 127.0.0.1 at 2015-08-22 11:19:41 -0400


Started GET "/assets/scaffolds.self-ad60cf3d228fb1f17c91757428273644434ea7282a979df798506fea55bcc211.css?body=1" for 127.0.0.1 at 2015-08-22 11:19:41 -0400


Started GET "/assets/application.self-e80e8f2318043e8af94dddc2adad5a4f09739a8ebb323b3ab31cd71d45fd9113.css?body=1" for 127.0.0.1 at 2015-08-22 11:19:41 -0400


Started GET "/assets/jquery.self-d03a5518f45df77341bdbe6201ba3bfa547ebba8ed64f0ea56bfa5f96ea7c074.js?body=1" for 127.0.0.1 at 2015-08-22 11:19:41 -0400


Started GET "/assets/jquery_ujs.self-ca5248a2fad13d6bd58ea121318d642f195f0b2dd818b30615f785ff365e8d1f.js?body=1" for 127.0.0.1 at 2015-08-22 11:19:41 -0400


Started GET "/assets/turbolinks.self-c37727e9bd6b2735da5c311aa83fead54ed0be6cc8bd9a65309e9c5abe2cbfff.js?body=1" for 127.0.0.1 at 2015-08-22 11:19:41 -0400


Started GET "/assets/contacts.self-877aef30ae1b040ab8a3aba4e3e309a11d7f2612f44dde450b5c157aa5f95c05.js?body=1" for 127.0.0.1 at 2015-08-22 11:19:41 -0400


Started GET "/assets/application.self-3b8dabdc891efe46b9a144b400ad69e37d7e5876bdc39dee783419a69d7ca819.js?body=1" for 127.0.0.1 at 2015-08-22 11:19:41 -0400


Started POST "/contacts/import" for 127.0.0.1 at 2015-08-22 11:19:52 -0400
Processing by ContactsController#import as HTML
  Parameters: {"utf8"=>"✓", "authenticity_token"=>"791PLNdWullAiYwVNCOcikh2O+acuHbhwtmojEnwtm8A7ldE+A5lUIoXsVoZzL8eNJqWM5BzVHAn/xCGay6uKw==", "file"=>#<ActionDispatch::Http::UploadedFile:0x8b39098 @tempfile=#<Tempfile:C:/Users/JOHND~1/AppData/Local/Temp/RackMultipart20150822-8800-e0nlos.csv>, @original_filename="data.csv", @content_type="application/octet-stream", @headers="Content-Disposition: form-data; name=\"file\"; filename=\"data.csv\"\r\nContent-Type: application/octet-stream\r\n">, "commit"=>"Import"}
Completed 500 Internal Server Error in 3ms (ActiveRecord: 0.0ms)

NameError (uninitialized constant Contact::Csv):
  app/models/contact.rb:16:in `open_spreadsheet'
  app/models/contact.rb:4:in `import'
  app/controllers/contacts_controller.rb:5:in `import'


  Rendered C:/RailsInstaller/Ruby2.1.0/lib/ruby/gems/2.1.0/gems/actionpack-4.2.1/lib/action_dispatch/middleware/templates/rescues/_source.erb (0.0ms)
  Rendered C:/RailsInstaller/Ruby2.1.0/lib/ruby/gems/2.1.0/gems/actionpack-4.2.1/lib/action_dispatch/middleware/templates/rescues/_trace.html.erb (4.0ms)
  Rendered C:/RailsInstaller/Ruby2.1.0/lib/ruby/gems/2.1.0/gems/actionpack-4.2.1/lib/action_dispatch/middleware/templates/rescues/_request_and_response.html.erb (2.0ms)
  Rendered C:/RailsInstaller/Ruby2.1.0/lib/ruby/gems/2.1.0/gems/actionpack-4.2.1/lib/action_dispatch/middleware/templates/rescues/diagnostics.html.erb within rescues/layout (45.0ms)
Cannot render console with content type multipart/form-dataAllowed content types: [#<Mime::Type:0x4404930 @synonyms=["application/xhtml+xml"], @symbol=:html, @string="text/html">, #<Mime::Type:0x4404798 @synonyms=[], @symbol=:text, @string="text/plain">, #<Mime::Type:0x43fed08 @synonyms=[], @symbol=:url_encoded_form, @string="application/x-www-form-urlencoded">]


Started GET "/" for 127.0.0.1 at 2015-08-22 12:43:42 -0400
  [1m[36mActiveRecord::SchemaMigration Load (0.0ms)[0m  [1mSELECT "schema_migrations".* FROM "schema_migrations"[0m
Processing by ContactsController#index as HTML
  [1m[35mContact Load (1.0ms)[0m  SELECT "contacts".* FROM "contacts"
  Rendered contacts/index.html.erb within layouts/application (13.0ms)
Completed 200 OK in 354ms (Views: 331.0ms | ActiveRecord: 3.0ms)


Started POST "/contacts/import" for 127.0.0.1 at 2015-08-22 12:44:09 -0400
Processing by ContactsController#import as HTML
  Parameters: {"utf8"=>"✓", "authenticity_token"=>"DW7GB2PTJpwu3p29AKOWoy7ESD8m8CQ50UfRQpPSTpTiXd5vTIv5leRAoPItTLU3Uijl6io7Bqg0YWlIsQxW0A==", "file"=>#<ActionDispatch::Http::UploadedFile:0x84fdb60 @tempfile=#<Tempfile:C:/Users/JOHND~1/AppData/Local/Temp/RackMultipart20150822-6540-qaqzmp.csv>, @original_filename="data.csv", @content_type="application/octet-stream", @headers="Content-Disposition: form-data; name=\"file\"; filename=\"data.csv\"\r\nContent-Type: application/octet-stream\r\n">, "commit"=>"Import"}
Completed 500 Internal Server Error in 4ms (ActiveRecord: 0.0ms)

NameError (uninitialized constant Contact::Csv):
  app/models/contact.rb:16:in `open_spreadsheet'
  app/models/contact.rb:4:in `import'
  app/controllers/contacts_controller.rb:5:in `import'


  Rendered C:/RailsInstaller/Ruby2.1.0/lib/ruby/gems/2.1.0/gems/actionpack-4.2.1/lib/action_dispatch/middleware/templates/rescues/_source.erb (1.0ms)
  Rendered C:/RailsInstaller/Ruby2.1.0/lib/ruby/gems/2.1.0/gems/actionpack-4.2.1/lib/action_dispatch/middleware/templates/rescues/_trace.html.erb (5.0ms)
  Rendered C:/RailsInstaller/Ruby2.1.0/lib/ruby/gems/2.1.0/gems/actionpack-4.2.1/lib/action_dispatch/middleware/templates/rescues/_request_and_response.html.erb (1.0ms)
  Rendered C:/RailsInstaller/Ruby2.1.0/lib/ruby/gems/2.1.0/gems/actionpack-4.2.1/lib/action_dispatch/middleware/templates/rescues/diagnostics.html.erb within rescues/layout (44.0ms)
Cannot render console with content type multipart/form-dataAllowed content types: [#<Mime::Type:0x463d220 @synonyms=["application/xhtml+xml"], @symbol=:html, @string="text/html">, #<Mime::Type:0x463d088 @synonyms=[], @symbol=:text, @string="text/plain">, #<Mime::Type:0x4627308 @synonyms=[], @symbol=:url_encoded_form, @string="application/x-www-form-urlencoded">]


Started POST "/contacts/import" for 127.0.0.1 at 2015-08-22 12:47:19 -0400
Processing by ContactsController#import as HTML
  Parameters: {"utf8"=>"✓", "authenticity_token"=>"DW7GB2PTJpwu3p29AKOWoy7ESD8m8CQ50UfRQpPSTpTiXd5vTIv5leRAoPItTLU3Uijl6io7Bqg0YWlIsQxW0A==", "file"=>#<ActionDispatch::Http::UploadedFile:0x8a10698 @tempfile=#<Tempfile:C:/Users/JOHND~1/AppData/Local/Temp/RackMultipart20150822-6540-tl39pn.csv>, @original_filename="data.csv", @content_type="application/octet-stream", @headers="Content-Disposition: form-data; name=\"file\"; filename=\"data.csv\"\r\nContent-Type: application/octet-stream\r\n">, "commit"=>"Import"}
Completed 500 Internal Server Error in 2ms (ActiveRecord: 0.0ms)

NoMethodError (undefined method `import' for nil:NilClass):
  app/controllers/contacts_controller.rb:5:in `import'


  Rendered C:/RailsInstaller/Ruby2.1.0/lib/ruby/gems/2.1.0/gems/actionpack-4.2.1/lib/action_dispatch/middleware/templates/rescues/_source.erb (1.0ms)
  Rendered C:/RailsInstaller/Ruby2.1.0/lib/ruby/gems/2.1.0/gems/actionpack-4.2.1/lib/action_dispatch/middleware/templates/rescues/_trace.html.erb (4.0ms)
  Rendered C:/RailsInstaller/Ruby2.1.0/lib/ruby/gems/2.1.0/gems/actionpack-4.2.1/lib/action_dispatch/middleware/templates/rescues/_request_and_response.html.erb (2.0ms)
  Rendered C:/RailsInstaller/Ruby2.1.0/lib/ruby/gems/2.1.0/gems/actionpack-4.2.1/lib/action_dispatch/middleware/templates/rescues/diagnostics.html.erb within rescues/layout (47.0ms)
Cannot render console with content type multipart/form-dataAllowed content types: [#<Mime::Type:0x463d220 @synonyms=["application/xhtml+xml"], @symbol=:html, @string="text/html">, #<Mime::Type:0x463d088 @synonyms=[], @symbol=:text, @string="text/plain">, #<Mime::Type:0x4627308 @synonyms=[], @symbol=:url_encoded_form, @string="application/x-www-form-urlencoded">]


Started POST "/contacts/import" for 127.0.0.1 at 2015-08-22 12:48:06 -0400
Processing by ContactsController#import as HTML
  Parameters: {"utf8"=>"✓", "authenticity_token"=>"DW7GB2PTJpwu3p29AKOWoy7ESD8m8CQ50UfRQpPSTpTiXd5vTIv5leRAoPItTLU3Uijl6io7Bqg0YWlIsQxW0A==", "file"=>#<ActionDispatch::Http::UploadedFile:0x8fb0818 @tempfile=#<Tempfile:C:/Users/JOHND~1/AppData/Local/Temp/RackMultipart20150822-6540-17p3nd8.csv>, @original_filename="data.csv", @content_type="application/octet-stream", @headers="Content-Disposition: form-data; name=\"file\"; filename=\"data.csv\"\r\nContent-Type: application/octet-stream\r\n">, "commit"=>"Import"}
Completed 500 Internal Server Error in 6ms (ActiveRecord: 0.0ms)

NameError (uninitialized constant Contact::Csv):
  app/models/contact.rb:16:in `open_spreadsheet'
  app/models/contact.rb:4:in `import'
  app/controllers/contacts_controller.rb:5:in `import'


  Rendered C:/RailsInstaller/Ruby2.1.0/lib/ruby/gems/2.1.0/gems/actionpack-4.2.1/lib/action_dispatch/middleware/templates/rescues/_source.erb (0.0ms)
  Rendered C:/RailsInstaller/Ruby2.1.0/lib/ruby/gems/2.1.0/gems/actionpack-4.2.1/lib/action_dispatch/middleware/templates/rescues/_trace.html.erb (5.0ms)
  Rendered C:/RailsInstaller/Ruby2.1.0/lib/ruby/gems/2.1.0/gems/actionpack-4.2.1/lib/action_dispatch/middleware/templates/rescues/_request_and_response.html.erb (1.0ms)
  Rendered C:/RailsInstaller/Ruby2.1.0/lib/ruby/gems/2.1.0/gems/actionpack-4.2.1/lib/action_dispatch/middleware/templates/rescues/diagnostics.html.erb within rescues/layout (45.0ms)
Cannot render console with content type multipart/form-dataAllowed content types: [#<Mime::Type:0x463d220 @synonyms=["application/xhtml+xml"], @symbol=:html, @string="text/html">, #<Mime::Type:0x463d088 @synonyms=[], @symbol=:text, @string="text/plain">, #<Mime::Type:0x4627308 @synonyms=[], @symbol=:url_encoded_form, @string="application/x-www-form-urlencoded">]
  [1m[36mActiveRecord::SchemaMigration Load (0.0ms)[0m  [1mSELECT "schema_migrations".* FROM "schema_migrations"[0m
  [1m[35mActiveRecord::SchemaMigration Load (1.0ms)[0m  SELECT "schema_migrations".* FROM "schema_migrations"


Started GET "/" for 127.0.0.1 at 2015-08-22 12:54:17 -0400
  [1m[36mActiveRecord::SchemaMigration Load (1.0ms)[0m  [1mSELECT "schema_migrations".* FROM "schema_migrations"[0m
Processing by ContactsController#index as HTML
  [1m[35mContact Load (0.0ms)[0m  SELECT "contacts".* FROM "contacts"
  Rendered contacts/index.html.erb within layouts/application (13.0ms)
Completed 200 OK in 370ms (Views: 342.0ms | ActiveRecord: 1.0ms)


Started GET "/" for 127.0.0.1 at 2015-08-22 12:54:18 -0400
Processing by ContactsController#index as HTML
  [1m[36mContact Load (1.0ms)[0m  [1mSELECT "contacts".* FROM "contacts"[0m
  Rendered contacts/index.html.erb within layouts/application (3.0ms)
Completed 200 OK in 68ms (Views: 66.0ms | ActiveRecord: 1.0ms)


Started POST "/contacts/import" for 127.0.0.1 at 2015-08-22 12:54:24 -0400
Processing by ContactsController#import as HTML
  Parameters: {"utf8"=>"✓", "authenticity_token"=>"FjeB56uEBsqgjkj9azjDGgJxm4A3LlqdN9ypz4+NXqn5BJmPhNzZw2oQdbJG1+COfp02VTvleAzS+hHFrVNG7Q==", "file"=>#<ActionDispatch::Http::UploadedFile:0x8902950 @tempfile=#<Tempfile:C:/Users/JOHND~1/AppData/Local/Temp/RackMultipart20150822-3912-sinps3.csv>, @original_filename="data.csv", @content_type="application/octet-stream", @headers="Content-Disposition: form-data; name=\"file\"; filename=\"data.csv\"\r\nContent-Type: application/octet-stream\r\n">, "commit"=>"Import"}
Completed 500 Internal Server Error in 3ms (ActiveRecord: 0.0ms)

NameError (uninitialized constant Contact::Csv):
  app/models/contact.rb:18:in `open_spreadsheet'
  app/models/contact.rb:6:in `import'
  app/controllers/contacts_controller.rb:5:in `import'


  Rendered C:/RailsInstaller/Ruby2.1.0/lib/ruby/gems/2.1.0/gems/actionpack-4.2.1/lib/action_dispatch/middleware/templates/rescues/_source.erb (0.0ms)
  Rendered C:/RailsInstaller/Ruby2.1.0/lib/ruby/gems/2.1.0/gems/actionpack-4.2.1/lib/action_dispatch/middleware/templates/rescues/_trace.html.erb (4.0ms)
  Rendered C:/RailsInstaller/Ruby2.1.0/lib/ruby/gems/2.1.0/gems/actionpack-4.2.1/lib/action_dispatch/middleware/templates/rescues/_request_and_response.html.erb (1.0ms)
  Rendered C:/RailsInstaller/Ruby2.1.0/lib/ruby/gems/2.1.0/gems/actionpack-4.2.1/lib/action_dispatch/middleware/templates/rescues/diagnostics.html.erb within rescues/layout (43.0ms)
Cannot render console with content type multipart/form-dataAllowed content types: [#<Mime::Type:0x44e9500 @synonyms=["application/xhtml+xml"], @symbol=:html, @string="text/html">, #<Mime::Type:0x44e9320 @synonyms=[], @symbol=:text, @string="text/plain">, #<Mime::Type:0x44ded90 @synonyms=[], @symbol=:url_encoded_form, @string="application/x-www-form-urlencoded">]


Started GET "/" for 127.0.0.1 at 2015-08-22 13:07:13 -0400
  [1m[36mActiveRecord::SchemaMigration Load (0.0ms)[0m  [1mSELECT "schema_migrations".* FROM "schema_migrations"[0m
Processing by ContactsController#index as HTML
  [1m[35mContact Load (0.0ms)[0m  SELECT "contacts".* FROM "contacts"
  Rendered contacts/index.html.erb within layouts/application (14.0ms)
Completed 200 OK in 337ms (Views: 309.0ms | ActiveRecord: 2.0ms)


Started POST "/contacts/import" for 127.0.0.1 at 2015-08-22 13:07:24 -0400
Processing by ContactsController#import as HTML
  Parameters: {"utf8"=>"✓", "authenticity_token"=>"HDf5LCfQwW9QtoqRN7wrMdbLRRClQDQkU5vywYSZL4nzBOFECIgeZpoot94aUwilqifoxamLFrW2vUrLpkc3zQ==", "file"=>#<ActionDispatch::Http::UploadedFile:0x94c6590 @tempfile=#<Tempfile:C:/Users/JOHND~1/AppData/Local/Temp/RackMultipart20150822-8376-1xoa1qo.csv>, @original_filename="data.csv", @content_type="application/octet-stream", @headers="Content-Disposition: form-data; name=\"file\"; filename=\"data.csv\"\r\nContent-Type: application/octet-stream\r\n">, "commit"=>"Import"}
Completed 500 Internal Server Error in 1ms (ActiveRecord: 0.0ms)

ArgumentError (wrong number of arguments (3 for 1..2)):
  app/models/contact.rb:18:in `new'
  app/models/contact.rb:18:in `open_spreadsheet'
  app/models/contact.rb:6:in `import'
  app/controllers/contacts_controller.rb:5:in `import'


  Rendered C:/RailsInstaller/Ruby2.1.0/lib/ruby/gems/2.1.0/gems/actionpack-4.2.1/lib/action_dispatch/middleware/templates/rescues/_source.erb (1.0ms)
  Rendered C:/RailsInstaller/Ruby2.1.0/lib/ruby/gems/2.1.0/gems/actionpack-4.2.1/lib/action_dispatch/middleware/templates/rescues/_trace.html.erb (4.0ms)
  Rendered C:/RailsInstaller/Ruby2.1.0/lib/ruby/gems/2.1.0/gems/actionpack-4.2.1/lib/action_dispatch/middleware/templates/rescues/_request_and_response.html.erb (2.0ms)
  Rendered C:/RailsInstaller/Ruby2.1.0/lib/ruby/gems/2.1.0/gems/actionpack-4.2.1/lib/action_dispatch/middleware/templates/rescues/diagnostics.html.erb within rescues/layout (45.0ms)
Cannot render console with content type multipart/form-dataAllowed content types: [#<Mime::Type:0x4278a20 @synonyms=["application/xhtml+xml"], @symbol=:html, @string="text/html">, #<Mime::Type:0x4278870 @synonyms=[], @symbol=:text, @string="text/plain">, #<Mime::Type:0x425e950 @synonyms=[], @symbol=:url_encoded_form, @string="application/x-www-form-urlencoded">]


Started POST "/contacts/import" for 127.0.0.1 at 2015-08-22 13:08:11 -0400
Processing by ContactsController#import as HTML
  Parameters: {"utf8"=>"✓", "authenticity_token"=>"HDf5LCfQwW9QtoqRN7wrMdbLRRClQDQkU5vywYSZL4nzBOFECIgeZpoot94aUwilqifoxamLFrW2vUrLpkc3zQ==", "file"=>#<ActionDispatch::Http::UploadedFile:0x99b7948 @tempfile=#<Tempfile:C:/Users/JOHND~1/AppData/Local/Temp/RackMultipart20150822-8376-doi1cs.csv>, @original_filename="data.csv", @content_type="application/octet-stream", @headers="Content-Disposition: form-data; name=\"file\"; filename=\"data.csv\"\r\nContent-Type: application/octet-stream\r\n">, "commit"=>"Import"}
Completed 500 Internal Server Error in 9ms (ActiveRecord: 0.0ms)

TypeError (no implicit conversion of nil into Hash):
  app/models/contact.rb:19:in `new'
  app/models/contact.rb:19:in `open_spreadsheet'
  app/models/contact.rb:6:in `import'
  app/controllers/contacts_controller.rb:5:in `import'


  Rendered C:/RailsInstaller/Ruby2.1.0/lib/ruby/gems/2.1.0/gems/actionpack-4.2.1/lib/action_dispatch/middleware/templates/rescues/_source.erb (1.0ms)
  Rendered C:/RailsInstaller/Ruby2.1.0/lib/ruby/gems/2.1.0/gems/actionpack-4.2.1/lib/action_dispatch/middleware/templates/rescues/_trace.html.erb (4.0ms)
  Rendered C:/RailsInstaller/Ruby2.1.0/lib/ruby/gems/2.1.0/gems/actionpack-4.2.1/lib/action_dispatch/middleware/templates/rescues/_request_and_response.html.erb (1.0ms)
  Rendered C:/RailsInstaller/Ruby2.1.0/lib/ruby/gems/2.1.0/gems/actionpack-4.2.1/lib/action_dispatch/middleware/templates/rescues/diagnostics.html.erb within rescues/layout (42.0ms)
Cannot render console with content type multipart/form-dataAllowed content types: [#<Mime::Type:0x4278a20 @synonyms=["application/xhtml+xml"], @symbol=:html, @string="text/html">, #<Mime::Type:0x4278870 @synonyms=[], @symbol=:text, @string="text/plain">, #<Mime::Type:0x425e950 @synonyms=[], @symbol=:url_encoded_form, @string="application/x-www-form-urlencoded">]


Started POST "/contacts/import" for 127.0.0.1 at 2015-08-22 13:08:36 -0400
Processing by ContactsController#import as HTML
  Parameters: {"utf8"=>"✓", "authenticity_token"=>"HDf5LCfQwW9QtoqRN7wrMdbLRRClQDQkU5vywYSZL4nzBOFECIgeZpoot94aUwilqifoxamLFrW2vUrLpkc3zQ==", "file"=>#<ActionDispatch::Http::UploadedFile:0xa004358 @tempfile=#<Tempfile:C:/Users/JOHND~1/AppData/Local/Temp/RackMultipart20150822-8376-1f9u6n.csv>, @original_filename="data.csv", @content_type="application/octet-stream", @headers="Content-Disposition: form-data; name=\"file\"; filename=\"data.csv\"\r\nContent-Type: application/octet-stream\r\n">, "commit"=>"Import"}
Completed 500 Internal Server Error in 8ms (ActiveRecord: 0.0ms)

TypeError (no implicit conversion of Symbol into Hash):
  app/models/contact.rb:19:in `new'
  app/models/contact.rb:19:in `open_spreadsheet'
  app/models/contact.rb:6:in `import'
  app/controllers/contacts_controller.rb:5:in `import'


  Rendered C:/RailsInstaller/Ruby2.1.0/lib/ruby/gems/2.1.0/gems/actionpack-4.2.1/lib/action_dispatch/middleware/templates/rescues/_source.erb (1.0ms)
  Rendered C:/RailsInstaller/Ruby2.1.0/lib/ruby/gems/2.1.0/gems/actionpack-4.2.1/lib/action_dispatch/middleware/templates/rescues/_trace.html.erb (4.0ms)
  Rendered C:/RailsInstaller/Ruby2.1.0/lib/ruby/gems/2.1.0/gems/actionpack-4.2.1/lib/action_dispatch/middleware/templates/rescues/_request_and_response.html.erb (2.0ms)
  Rendered C:/RailsInstaller/Ruby2.1.0/lib/ruby/gems/2.1.0/gems/actionpack-4.2.1/lib/action_dispatch/middleware/templates/rescues/diagnostics.html.erb within rescues/layout (42.0ms)
Cannot render console with content type multipart/form-dataAllowed content types: [#<Mime::Type:0x4278a20 @synonyms=["application/xhtml+xml"], @symbol=:html, @string="text/html">, #<Mime::Type:0x4278870 @synonyms=[], @symbol=:text, @string="text/plain">, #<Mime::Type:0x425e950 @synonyms=[], @symbol=:url_encoded_form, @string="application/x-www-form-urlencoded">]


Started POST "/contacts/import" for 127.0.0.1 at 2015-08-22 13:08:47 -0400
Processing by ContactsController#import as HTML
  Parameters: {"utf8"=>"✓", "authenticity_token"=>"HDf5LCfQwW9QtoqRN7wrMdbLRRClQDQkU5vywYSZL4nzBOFECIgeZpoot94aUwilqifoxamLFrW2vUrLpkc3zQ==", "file"=>#<ActionDispatch::Http::UploadedFile:0xa18db98 @tempfile=#<Tempfile:C:/Users/JOHND~1/AppData/Local/Temp/RackMultipart20150822-8376-stpzmz.csv>, @original_filename="data.csv", @content_type="application/octet-stream", @headers="Content-Disposition: form-data; name=\"file\"; filename=\"data.csv\"\r\nContent-Type: application/octet-stream\r\n">, "commit"=>"Import"}
Completed 500 Internal Server Error in 11ms (ActiveRecord: 0.0ms)

NoMethodError (undefined method `row' for #<CSV:0xa136790>):
  app/models/contact.rb:7:in `import'
  app/controllers/contacts_controller.rb:5:in `import'


  Rendered C:/RailsInstaller/Ruby2.1.0/lib/ruby/gems/2.1.0/gems/actionpack-4.2.1/lib/action_dispatch/middleware/templates/rescues/_source.erb (2.0ms)
  Rendered C:/RailsInstaller/Ruby2.1.0/lib/ruby/gems/2.1.0/gems/actionpack-4.2.1/lib/action_dispatch/middleware/templates/rescues/_trace.html.erb (4.0ms)
  Rendered C:/RailsInstaller/Ruby2.1.0/lib/ruby/gems/2.1.0/gems/actionpack-4.2.1/lib/action_dispatch/middleware/templates/rescues/_request_and_response.html.erb (2.0ms)
  Rendered C:/RailsInstaller/Ruby2.1.0/lib/ruby/gems/2.1.0/gems/actionpack-4.2.1/lib/action_dispatch/middleware/templates/rescues/diagnostics.html.erb within rescues/layout (44.0ms)
Cannot render console with content type multipart/form-dataAllowed content types: [#<Mime::Type:0x4278a20 @synonyms=["application/xhtml+xml"], @symbol=:html, @string="text/html">, #<Mime::Type:0x4278870 @synonyms=[], @symbol=:text, @string="text/plain">, #<Mime::Type:0x425e950 @synonyms=[], @symbol=:url_encoded_form, @string="application/x-www-form-urlencoded">]


Started GET "/" for 127.0.0.1 at 2015-08-22 13:23:25 -0400
Processing by ContactsController#index as HTML
  [1m[36mContact Load (1.0ms)[0m  [1mSELECT "contacts".* FROM "contacts"[0m
  Rendered contacts/index.html.erb within layouts/application (8.0ms)
Completed 200 OK in 98ms (Views: 87.0ms | ActiveRecord: 3.0ms)


Started GET "/" for 127.0.0.1 at 2015-08-22 13:23:27 -0400
Processing by ContactsController#index as HTML
  [1m[35mContact Load (0.0ms)[0m  SELECT "contacts".* FROM "contacts"
  Rendered contacts/index.html.erb within layouts/application (3.0ms)
Completed 200 OK in 95ms (Views: 94.6ms | ActiveRecord: 0.0ms)


Started GET "/assets/scaffolds.self-ad60cf3d228fb1f17c91757428273644434ea7282a979df798506fea55bcc211.css?body=1" for 127.0.0.1 at 2015-08-22 13:23:28 -0400


Started GET "/assets/contacts.self-e3b0c44298fc1c149afbf4c8996fb92427ae41e4649b934ca495991b7852b855.css?body=1" for 127.0.0.1 at 2015-08-22 13:23:28 -0400


Started GET "/assets/application.self-e80e8f2318043e8af94dddc2adad5a4f09739a8ebb323b3ab31cd71d45fd9113.css?body=1" for 127.0.0.1 at 2015-08-22 13:23:28 -0400


Started GET "/assets/jquery.self-d03a5518f45df77341bdbe6201ba3bfa547ebba8ed64f0ea56bfa5f96ea7c074.js?body=1" for 127.0.0.1 at 2015-08-22 13:23:28 -0400


Started GET "/assets/turbolinks.self-c37727e9bd6b2735da5c311aa83fead54ed0be6cc8bd9a65309e9c5abe2cbfff.js?body=1" for 127.0.0.1 at 2015-08-22 13:23:28 -0400


Started GET "/assets/jquery_ujs.self-ca5248a2fad13d6bd58ea121318d642f195f0b2dd818b30615f785ff365e8d1f.js?body=1" for 127.0.0.1 at 2015-08-22 13:23:28 -0400


Started GET "/assets/contacts.self-877aef30ae1b040ab8a3aba4e3e309a11d7f2612f44dde450b5c157aa5f95c05.js?body=1" for 127.0.0.1 at 2015-08-22 13:23:28 -0400


Started GET "/assets/application.self-3b8dabdc891efe46b9a144b400ad69e37d7e5876bdc39dee783419a69d7ca819.js?body=1" for 127.0.0.1 at 2015-08-22 13:23:28 -0400


Started POST "/contacts/import" for 127.0.0.1 at 2015-08-22 13:23:35 -0400
Processing by ContactsController#import as HTML
  Parameters: {"utf8"=>"✓", "authenticity_token"=>"yksZHhf0iMJebyxwkbZ7G8R9aYVYFveqCvi8E9foRoEleAF2OKxXy5TxET+8WViPuJHEUFTd1Tvv3gQZ9TZexQ==", "file"=>#<ActionDispatch::Http::UploadedFile:0x960dd70 @tempfile=#<Tempfile:C:/Users/JOHND~1/AppData/Local/Temp/RackMultipart20150822-8376-1femf5.csv>, @original_filename="data.csv", @content_type="application/octet-stream", @headers="Content-Disposition: form-data; name=\"file\"; filename=\"data.csv\"\r\nContent-Type: application/octet-stream\r\n">, "commit"=>"Import"}
Completed 500 Internal Server Error in 2ms (ActiveRecord: 0.0ms)

NoMethodError (undefined method `row' for #<CSV::Table mode:col_or_row row_count:1>):
  app/models/contact.rb:7:in `import'
  app/controllers/contacts_controller.rb:5:in `import'


  Rendered C:/RailsInstaller/Ruby2.1.0/lib/ruby/gems/2.1.0/gems/actionpack-4.2.1/lib/action_dispatch/middleware/templates/rescues/_source.erb (0.0ms)
  Rendered C:/RailsInstaller/Ruby2.1.0/lib/ruby/gems/2.1.0/gems/actionpack-4.2.1/lib/action_dispatch/middleware/templates/rescues/_trace.html.erb (3.0ms)
  Rendered C:/RailsInstaller/Ruby2.1.0/lib/ruby/gems/2.1.0/gems/actionpack-4.2.1/lib/action_dispatch/middleware/templates/rescues/_request_and_response.html.erb (2.0ms)
  Rendered C:/RailsInstaller/Ruby2.1.0/lib/ruby/gems/2.1.0/gems/actionpack-4.2.1/lib/action_dispatch/middleware/templates/rescues/diagnostics.html.erb within rescues/layout (43.0ms)
Cannot render console with content type multipart/form-dataAllowed content types: [#<Mime::Type:0x4278a20 @synonyms=["application/xhtml+xml"], @symbol=:html, @string="text/html">, #<Mime::Type:0x4278870 @synonyms=[], @symbol=:text, @string="text/plain">, #<Mime::Type:0x425e950 @synonyms=[], @symbol=:url_encoded_form, @string="application/x-www-form-urlencoded">]


Started POST "/contacts/import" for 127.0.0.1 at 2015-08-22 13:29:47 -0400
Processing by ContactsController#import as HTML
  Parameters: {"utf8"=>"✓", "authenticity_token"=>"yksZHhf0iMJebyxwkbZ7G8R9aYVYFveqCvi8E9foRoEleAF2OKxXy5TxET+8WViPuJHEUFTd1Tvv3gQZ9TZexQ==", "file"=>#<ActionDispatch::Http::UploadedFile:0x9d29828 @tempfile=#<Tempfile:C:/Users/JOHND~1/AppData/Local/Temp/RackMultipart20150822-8376-16rq4e7.csv>, @original_filename="data.csv", @content_type="application/octet-stream", @headers="Content-Disposition: form-data; name=\"file\"; filename=\"data.csv\"\r\nContent-Type: application/octet-stream\r\n">, "commit"=>"Import"}
Completed 500 Internal Server Error in 9ms (ActiveRecord: 0.0ms)

NoMethodError (undefined method `row' for #<CSV:0x9d39d88>):
  app/models/contact.rb:7:in `import'
  app/controllers/contacts_controller.rb:5:in `import'


  Rendered C:/RailsInstaller/Ruby2.1.0/lib/ruby/gems/2.1.0/gems/actionpack-4.2.1/lib/action_dispatch/middleware/templates/rescues/_source.erb (1.0ms)
  Rendered C:/RailsInstaller/Ruby2.1.0/lib/ruby/gems/2.1.0/gems/actionpack-4.2.1/lib/action_dispatch/middleware/templates/rescues/_trace.html.erb (4.0ms)
  Rendered C:/RailsInstaller/Ruby2.1.0/lib/ruby/gems/2.1.0/gems/actionpack-4.2.1/lib/action_dispatch/middleware/templates/rescues/_request_and_response.html.erb (1.0ms)
  Rendered C:/RailsInstaller/Ruby2.1.0/lib/ruby/gems/2.1.0/gems/actionpack-4.2.1/lib/action_dispatch/middleware/templates/rescues/diagnostics.html.erb within rescues/layout (43.0ms)
Cannot render console with content type multipart/form-dataAllowed content types: [#<Mime::Type:0x4278a20 @synonyms=["application/xhtml+xml"], @symbol=:html, @string="text/html">, #<Mime::Type:0x4278870 @synonyms=[], @symbol=:text, @string="text/plain">, #<Mime::Type:0x425e950 @synonyms=[], @symbol=:url_encoded_form, @string="application/x-www-form-urlencoded">]


Started GET "/" for 127.0.0.1 at 2015-08-22 13:34:07 -0400
  [1m[36mActiveRecord::SchemaMigration Load (0.0ms)[0m  [1mSELECT "schema_migrations".* FROM "schema_migrations"[0m
Processing by ContactsController#index as HTML
  [1m[35mContact Load (0.0ms)[0m  SELECT "contacts".* FROM "contacts"
  Rendered contacts/index.html.erb within layouts/application (13.0ms)
Completed 200 OK in 335ms (Views: 310.0ms | ActiveRecord: 0.0ms)


Started GET "/assets/contacts.self-e3b0c44298fc1c149afbf4c8996fb92427ae41e4649b934ca495991b7852b855.css?body=1" for 127.0.0.1 at 2015-08-22 13:34:07 -0400


Started GET "/assets/scaffolds.self-ad60cf3d228fb1f17c91757428273644434ea7282a979df798506fea55bcc211.css?body=1" for 127.0.0.1 at 2015-08-22 13:34:07 -0400


Started GET "/assets/application.self-e80e8f2318043e8af94dddc2adad5a4f09739a8ebb323b3ab31cd71d45fd9113.css?body=1" for 127.0.0.1 at 2015-08-22 13:34:07 -0400


Started GET "/assets/jquery_ujs.self-ca5248a2fad13d6bd58ea121318d642f195f0b2dd818b30615f785ff365e8d1f.js?body=1" for 127.0.0.1 at 2015-08-22 13:34:07 -0400


Started GET "/assets/jquery.self-d03a5518f45df77341bdbe6201ba3bfa547ebba8ed64f0ea56bfa5f96ea7c074.js?body=1" for 127.0.0.1 at 2015-08-22 13:34:07 -0400


Started GET "/assets/turbolinks.self-c37727e9bd6b2735da5c311aa83fead54ed0be6cc8bd9a65309e9c5abe2cbfff.js?body=1" for 127.0.0.1 at 2015-08-22 13:34:07 -0400


Started GET "/assets/contacts.self-877aef30ae1b040ab8a3aba4e3e309a11d7f2612f44dde450b5c157aa5f95c05.js?body=1" for 127.0.0.1 at 2015-08-22 13:34:07 -0400


Started GET "/assets/application.self-3b8dabdc891efe46b9a144b400ad69e37d7e5876bdc39dee783419a69d7ca819.js?body=1" for 127.0.0.1 at 2015-08-22 13:34:07 -0400


Started GET "/" for 127.0.0.1 at 2015-08-22 13:34:10 -0400
Processing by ContactsController#index as HTML
  [1m[36mContact Load (0.0ms)[0m  [1mSELECT "contacts".* FROM "contacts"[0m
  Rendered contacts/index.html.erb within layouts/application (3.0ms)
Completed 200 OK in 91ms (Views: 89.6ms | ActiveRecord: 0.0ms)


Started GET "/assets/contacts.self-e3b0c44298fc1c149afbf4c8996fb92427ae41e4649b934ca495991b7852b855.css?body=1" for 127.0.0.1 at 2015-08-22 13:34:10 -0400


Started GET "/assets/scaffolds.self-ad60cf3d228fb1f17c91757428273644434ea7282a979df798506fea55bcc211.css?body=1" for 127.0.0.1 at 2015-08-22 13:34:10 -0400


Started GET "/assets/jquery.self-d03a5518f45df77341bdbe6201ba3bfa547ebba8ed64f0ea56bfa5f96ea7c074.js?body=1" for 127.0.0.1 at 2015-08-22 13:34:10 -0400


Started GET "/assets/application.self-e80e8f2318043e8af94dddc2adad5a4f09739a8ebb323b3ab31cd71d45fd9113.css?body=1" for 127.0.0.1 at 2015-08-22 13:34:10 -0400


Started GET "/assets/jquery_ujs.self-ca5248a2fad13d6bd58ea121318d642f195f0b2dd818b30615f785ff365e8d1f.js?body=1" for 127.0.0.1 at 2015-08-22 13:34:10 -0400


Started GET "/assets/turbolinks.self-c37727e9bd6b2735da5c311aa83fead54ed0be6cc8bd9a65309e9c5abe2cbfff.js?body=1" for 127.0.0.1 at 2015-08-22 13:34:10 -0400


Started GET "/assets/contacts.self-877aef30ae1b040ab8a3aba4e3e309a11d7f2612f44dde450b5c157aa5f95c05.js?body=1" for 127.0.0.1 at 2015-08-22 13:34:10 -0400


Started GET "/assets/application.self-3b8dabdc891efe46b9a144b400ad69e37d7e5876bdc39dee783419a69d7ca819.js?body=1" for 127.0.0.1 at 2015-08-22 13:34:10 -0400


Started POST "/contacts/import" for 127.0.0.1 at 2015-08-22 13:34:16 -0400
Processing by ContactsController#import as HTML
  Parameters: {"utf8"=>"✓", "authenticity_token"=>"g+EXoFw5+Sf0DYXTzy7r8MUDARn3m1UjgrzJSwf7emxs0g/Ic2EmLj6TuJziwchkue+szPtQd7JnmnFBJSViKA==", "file"=>#<ActionDispatch::Http::UploadedFile:0x979b930 @tempfile=#<Tempfile:C:/Users/JOHND~1/AppData/Local/Temp/RackMultipart20150822-648-yt0w00.csv>, @original_filename="data.csv", @content_type="application/octet-stream", @headers="Content-Disposition: form-data; name=\"file\"; filename=\"data.csv\"\r\nContent-Type: application/octet-stream\r\n">, "commit"=>"Import"}
Completed 500 Internal Server Error in 3ms (ActiveRecord: 0.0ms)

NameError (uninitialized constant Roo::Csv):
  app/models/contact.rb:21:in `open_spreadsheet'
  app/models/contact.rb:6:in `import'
  app/controllers/contacts_controller.rb:5:in `import'


  Rendered C:/RailsInstaller/Ruby2.1.0/lib/ruby/gems/2.1.0/gems/actionpack-4.2.1/lib/action_dispatch/middleware/templates/rescues/_source.erb (1.0ms)
  Rendered C:/RailsInstaller/Ruby2.1.0/lib/ruby/gems/2.1.0/gems/actionpack-4.2.1/lib/action_dispatch/middleware/templates/rescues/_trace.html.erb (4.0ms)
  Rendered C:/RailsInstaller/Ruby2.1.0/lib/ruby/gems/2.1.0/gems/actionpack-4.2.1/lib/action_dispatch/middleware/templates/rescues/_request_and_response.html.erb (2.0ms)
  Rendered C:/RailsInstaller/Ruby2.1.0/lib/ruby/gems/2.1.0/gems/actionpack-4.2.1/lib/action_dispatch/middleware/templates/rescues/diagnostics.html.erb within rescues/layout (42.0ms)
Cannot render console with content type multipart/form-dataAllowed content types: [#<Mime::Type:0x466fea8 @synonyms=["application/xhtml+xml"], @symbol=:html, @string="text/html">, #<Mime::Type:0x466fb90 @synonyms=[], @symbol=:text, @string="text/plain">, #<Mime::Type:0x466dd48 @synonyms=[], @symbol=:url_encoded_form, @string="application/x-www-form-urlencoded">]


Started POST "/contacts/import" for 127.0.0.1 at 2015-08-22 13:34:57 -0400
Processing by ContactsController#import as HTML
  Parameters: {"utf8"=>"✓", "authenticity_token"=>"g+EXoFw5+Sf0DYXTzy7r8MUDARn3m1UjgrzJSwf7emxs0g/Ic2EmLj6TuJziwchkue+szPtQd7JnmnFBJSViKA==", "file"=>#<ActionDispatch::Http::UploadedFile:0xa3ec888 @tempfile=#<Tempfile:C:/Users/JOHND~1/AppData/Local/Temp/RackMultipart20150822-648-1v8897e.csv>, @original_filename="data.csv", @content_type="application/octet-stream", @headers="Content-Disposition: form-data; name=\"file\"; filename=\"data.csv\"\r\nContent-Type: application/octet-stream\r\n">, "commit"=>"Import"}
Completed 500 Internal Server Error in 10ms (ActiveRecord: 0.0ms)

NameError (uninitialized constant Contact::Csv):
  app/models/contact.rb:21:in `open_spreadsheet'
  app/models/contact.rb:6:in `import'
  app/controllers/contacts_controller.rb:5:in `import'


  Rendered C:/RailsInstaller/Ruby2.1.0/lib/ruby/gems/2.1.0/gems/actionpack-4.2.1/lib/action_dispatch/middleware/templates/rescues/_source.erb (1.0ms)
  Rendered C:/RailsInstaller/Ruby2.1.0/lib/ruby/gems/2.1.0/gems/actionpack-4.2.1/lib/action_dispatch/middleware/templates/rescues/_trace.html.erb (4.0ms)
  Rendered C:/RailsInstaller/Ruby2.1.0/lib/ruby/gems/2.1.0/gems/actionpack-4.2.1/lib/action_dispatch/middleware/templates/rescues/_request_and_response.html.erb (1.0ms)
  Rendered C:/RailsInstaller/Ruby2.1.0/lib/ruby/gems/2.1.0/gems/actionpack-4.2.1/lib/action_dispatch/middleware/templates/rescues/diagnostics.html.erb within rescues/layout (48.0ms)
Cannot render console with content type multipart/form-dataAllowed content types: [#<Mime::Type:0x466fea8 @synonyms=["application/xhtml+xml"], @symbol=:html, @string="text/html">, #<Mime::Type:0x466fb90 @synonyms=[], @symbol=:text, @string="text/plain">, #<Mime::Type:0x466dd48 @synonyms=[], @symbol=:url_encoded_form, @string="application/x-www-form-urlencoded">]


Started POST "/contacts/import" for 127.0.0.1 at 2015-08-22 13:35:08 -0400
Processing by ContactsController#import as HTML
  Parameters: {"utf8"=>"✓", "authenticity_token"=>"g+EXoFw5+Sf0DYXTzy7r8MUDARn3m1UjgrzJSwf7emxs0g/Ic2EmLj6TuJziwchkue+szPtQd7JnmnFBJSViKA==", "file"=>#<ActionDispatch::Http::UploadedFile:0xa523eb0 @tempfile=#<Tempfile:C:/Users/JOHND~1/AppData/Local/Temp/RackMultipart20150822-648-z0anuq.csv>, @original_filename="data.csv", @content_type="application/octet-stream", @headers="Content-Disposition: form-data; name=\"file\"; filename=\"data.csv\"\r\nContent-Type: application/octet-stream\r\n">, "commit"=>"Import"}
Completed 500 Internal Server Error in 3ms (ActiveRecord: 0.0ms)

NameError (uninitialized constant Contact::Csv):
  app/models/contact.rb:21:in `open_spreadsheet'
  app/models/contact.rb:6:in `import'
  app/controllers/contacts_controller.rb:5:in `import'


  Rendered C:/RailsInstaller/Ruby2.1.0/lib/ruby/gems/2.1.0/gems/actionpack-4.2.1/lib/action_dispatch/middleware/templates/rescues/_source.erb (1.0ms)
  Rendered C:/RailsInstaller/Ruby2.1.0/lib/ruby/gems/2.1.0/gems/actionpack-4.2.1/lib/action_dispatch/middleware/templates/rescues/_trace.html.erb (4.0ms)
  Rendered C:/RailsInstaller/Ruby2.1.0/lib/ruby/gems/2.1.0/gems/actionpack-4.2.1/lib/action_dispatch/middleware/templates/rescues/_request_and_response.html.erb (1.0ms)
  Rendered C:/RailsInstaller/Ruby2.1.0/lib/ruby/gems/2.1.0/gems/actionpack-4.2.1/lib/action_dispatch/middleware/templates/rescues/diagnostics.html.erb within rescues/layout (45.0ms)
Cannot render console with content type multipart/form-dataAllowed content types: [#<Mime::Type:0x466fea8 @synonyms=["application/xhtml+xml"], @symbol=:html, @string="text/html">, #<Mime::Type:0x466fb90 @synonyms=[], @symbol=:text, @string="text/plain">, #<Mime::Type:0x466dd48 @synonyms=[], @symbol=:url_encoded_form, @string="application/x-www-form-urlencoded">]
  [1m[36mActiveRecord::SchemaMigration Load (0.0ms)[0m  [1mSELECT "schema_migrations".* FROM "schema_migrations"[0m
  [1m[35mActiveRecord::SchemaMigration Load (0.0ms)[0m  SELECT "schema_migrations".* FROM "schema_migrations"


Started GET "/" for 127.0.0.1 at 2015-08-22 13:37:20 -0400
  [1m[36mActiveRecord::SchemaMigration Load (0.0ms)[0m  [1mSELECT "schema_migrations".* FROM "schema_migrations"[0m
Processing by ContactsController#index as HTML
  [1m[35mContact Load (0.0ms)[0m  SELECT "contacts".* FROM "contacts"
  Rendered contacts/index.html.erb within layouts/application (13.0ms)
Completed 200 OK in 333ms (Views: 307.0ms | ActiveRecord: 1.0ms)


Started POST "/contacts/import" for 127.0.0.1 at 2015-08-22 13:37:26 -0400
Processing by ContactsController#import as HTML
  Parameters: {"utf8"=>"✓", "authenticity_token"=>"1tXDseI/2Cp9GZDsfWKkMyT0kwvGfKo3RZUigupi95Q55tvZzWcHI7eHraNQjYenWBg+3sq3iKags5qIyLzv0A==", "file"=>#<ActionDispatch::Http::UploadedFile:0x9248070 @tempfile=#<Tempfile:C:/Users/JOHND~1/AppData/Local/Temp/RackMultipart20150822-9412-i3uwb8.csv>, @original_filename="data.csv", @content_type="application/octet-stream", @headers="Content-Disposition: form-data; name=\"file\"; filename=\"data.csv\"\r\nContent-Type: application/octet-stream\r\n">, "commit"=>"Import"}
Completed 500 Internal Server Error in 3ms (ActiveRecord: 0.0ms)

NameError (uninitialized constant Roo::Csv):
  app/models/contact.rb:21:in `open_spreadsheet'
  app/models/contact.rb:6:in `import'
  app/controllers/contacts_controller.rb:5:in `import'


  Rendered C:/RailsInstaller/Ruby2.1.0/lib/ruby/gems/2.1.0/gems/actionpack-4.2.1/lib/action_dispatch/middleware/templates/rescues/_source.erb (1.0ms)
  Rendered C:/RailsInstaller/Ruby2.1.0/lib/ruby/gems/2.1.0/gems/actionpack-4.2.1/lib/action_dispatch/middleware/templates/rescues/_trace.html.erb (4.0ms)
  Rendered C:/RailsInstaller/Ruby2.1.0/lib/ruby/gems/2.1.0/gems/actionpack-4.2.1/lib/action_dispatch/middleware/templates/rescues/_request_and_response.html.erb (2.0ms)
  Rendered C:/RailsInstaller/Ruby2.1.0/lib/ruby/gems/2.1.0/gems/actionpack-4.2.1/lib/action_dispatch/middleware/templates/rescues/diagnostics.html.erb within rescues/layout (44.0ms)
Cannot render console with content type multipart/form-dataAllowed content types: [#<Mime::Type:0x46496b8 @synonyms=["application/xhtml+xml"], @symbol=:html, @string="text/html">, #<Mime::Type:0x4649538 @synonyms=[], @symbol=:text, @string="text/plain">, #<Mime::Type:0x4643688 @synonyms=[], @symbol=:url_encoded_form, @string="application/x-www-form-urlencoded">]


Started POST "/contacts/import" for 127.0.0.1 at 2015-08-22 13:42:58 -0400
Processing by ContactsController#import as HTML
  Parameters: {"utf8"=>"✓", "authenticity_token"=>"1tXDseI/2Cp9GZDsfWKkMyT0kwvGfKo3RZUigupi95Q55tvZzWcHI7eHraNQjYenWBg+3sq3iKags5qIyLzv0A==", "file"=>#<ActionDispatch::Http::UploadedFile:0x98f2f20 @tempfile=#<Tempfile:C:/Users/JOHND~1/AppData/Local/Temp/RackMultipart20150822-9412-1yfmgao.csv>, @original_filename="data.csv", @content_type="application/octet-stream", @headers="Content-Disposition: form-data; name=\"file\"; filename=\"data.csv\"\r\nContent-Type: application/octet-stream\r\n">, "commit"=>"Import"}
Completed 500 Internal Server Error in 17ms (ActiveRecord: 0.0ms)

NameError (uninitialized constant Roo::Csv):
  app/models/contact.rb:21:in `open_spreadsheet'
  app/models/contact.rb:6:in `import'
  app/controllers/contacts_controller.rb:5:in `import'


  Rendered C:/RailsInstaller/Ruby2.1.0/lib/ruby/gems/2.1.0/gems/actionpack-4.2.1/lib/action_dispatch/middleware/templates/rescues/_source.erb (1.0ms)
  Rendered C:/RailsInstaller/Ruby2.1.0/lib/ruby/gems/2.1.0/gems/actionpack-4.2.1/lib/action_dispatch/middleware/templates/rescues/_trace.html.erb (4.0ms)
  Rendered C:/RailsInstaller/Ruby2.1.0/lib/ruby/gems/2.1.0/gems/actionpack-4.2.1/lib/action_dispatch/middleware/templates/rescues/_request_and_response.html.erb (1.0ms)
  Rendered C:/RailsInstaller/Ruby2.1.0/lib/ruby/gems/2.1.0/gems/actionpack-4.2.1/lib/action_dispatch/middleware/templates/rescues/diagnostics.html.erb within rescues/layout (45.0ms)
Cannot render console with content type multipart/form-dataAllowed content types: [#<Mime::Type:0x46496b8 @synonyms=["application/xhtml+xml"], @symbol=:html, @string="text/html">, #<Mime::Type:0x4649538 @synonyms=[], @symbol=:text, @string="text/plain">, #<Mime::Type:0x4643688 @synonyms=[], @symbol=:url_encoded_form, @string="application/x-www-form-urlencoded">]


Started POST "/contacts/import" for 127.0.0.1 at 2015-08-22 13:43:49 -0400
Processing by ContactsController#import as HTML
  Parameters: {"utf8"=>"✓", "authenticity_token"=>"1tXDseI/2Cp9GZDsfWKkMyT0kwvGfKo3RZUigupi95Q55tvZzWcHI7eHraNQjYenWBg+3sq3iKags5qIyLzv0A==", "file"=>#<ActionDispatch::Http::UploadedFile:0xa0f89d8 @tempfile=#<Tempfile:C:/Users/JOHND~1/AppData/Local/Temp/RackMultipart20150822-9412-zoyevy.csv>, @original_filename="data.csv", @content_type="application/octet-stream", @headers="Content-Disposition: form-data; name=\"file\"; filename=\"data.csv\"\r\nContent-Type: application/octet-stream\r\n">, "commit"=>"Import"}
Completed 500 Internal Server Error in 9ms (ActiveRecord: 0.0ms)

NoMethodError (undefined method `[]' for nil:NilClass):
  app/models/contact.rb:7:in `import'
  app/controllers/contacts_controller.rb:5:in `import'


  Rendered C:/RailsInstaller/Ruby2.1.0/lib/ruby/gems/2.1.0/gems/actionpack-4.2.1/lib/action_dispatch/middleware/templates/rescues/_source.erb (1.0ms)
  Rendered C:/RailsInstaller/Ruby2.1.0/lib/ruby/gems/2.1.0/gems/actionpack-4.2.1/lib/action_dispatch/middleware/templates/rescues/_trace.html.erb (5.0ms)
  Rendered C:/RailsInstaller/Ruby2.1.0/lib/ruby/gems/2.1.0/gems/actionpack-4.2.1/lib/action_dispatch/middleware/templates/rescues/_request_and_response.html.erb (1.0ms)
  Rendered C:/RailsInstaller/Ruby2.1.0/lib/ruby/gems/2.1.0/gems/actionpack-4.2.1/lib/action_dispatch/middleware/templates/rescues/diagnostics.html.erb within rescues/layout (46.0ms)
Cannot render console with content type multipart/form-dataAllowed content types: [#<Mime::Type:0x46496b8 @synonyms=["application/xhtml+xml"], @symbol=:html, @string="text/html">, #<Mime::Type:0x4649538 @synonyms=[], @symbol=:text, @string="text/plain">, #<Mime::Type:0x4643688 @synonyms=[], @symbol=:url_encoded_form, @string="application/x-www-form-urlencoded">]


Started POST "/contacts/import" for 127.0.0.1 at 2015-08-22 13:48:39 -0400
Processing by ContactsController#import as HTML
  Parameters: {"utf8"=>"✓", "authenticity_token"=>"1tXDseI/2Cp9GZDsfWKkMyT0kwvGfKo3RZUigupi95Q55tvZzWcHI7eHraNQjYenWBg+3sq3iKags5qIyLzv0A==", "file"=>#<ActionDispatch::Http::UploadedFile:0xa2219f0 @tempfile=#<Tempfile:C:/Users/JOHND~1/AppData/Local/Temp/RackMultipart20150822-9412-ajka7b.csv>, @original_filename="data.csv", @content_type="application/octet-stream", @headers="Content-Disposition: form-data; name=\"file\"; filename=\"data.csv\"\r\nContent-Type: application/octet-stream\r\n">, "commit"=>"Import"}
Completed 400 Bad Request in 4ms (ActiveRecord: 0.0ms)

ActionController::ParameterMissing (param is missing or the value is empty: contact):
  app/controllers/contacts_controller.rb:87:in `contact_params'
  app/controllers/contacts_controller.rb:5:in `import'


  Rendered C:/RailsInstaller/Ruby2.1.0/lib/ruby/gems/2.1.0/gems/actionpack-4.2.1/lib/action_dispatch/middleware/templates/rescues/_source.erb (1.0ms)
  Rendered C:/RailsInstaller/Ruby2.1.0/lib/ruby/gems/2.1.0/gems/actionpack-4.2.1/lib/action_dispatch/middleware/templates/rescues/_trace.html.erb (4.0ms)
  Rendered C:/RailsInstaller/Ruby2.1.0/lib/ruby/gems/2.1.0/gems/actionpack-4.2.1/lib/action_dispatch/middleware/templates/rescues/_request_and_response.html.erb (1.0ms)
  Rendered C:/RailsInstaller/Ruby2.1.0/lib/ruby/gems/2.1.0/gems/actionpack-4.2.1/lib/action_dispatch/middleware/templates/rescues/diagnostics.html.erb within rescues/layout (44.0ms)
Cannot render console with content type multipart/form-dataAllowed content types: [#<Mime::Type:0x46496b8 @synonyms=["application/xhtml+xml"], @symbol=:html, @string="text/html">, #<Mime::Type:0x4649538 @synonyms=[], @symbol=:text, @string="text/plain">, #<Mime::Type:0x4643688 @synonyms=[], @symbol=:url_encoded_form, @string="application/x-www-form-urlencoded">]
